<?xml version="1.0" encoding="UTF-8"?>
<!-- Generated by org.testng.reporters.JUnitReportReporter -->
<testsuite hostname="DESKTOP-089LBSM" failures="0" tests="1" name="GenericUtility.BaseClass" time="0.009" errors="0" timestamp="2023-03-03T11:19:08 IST" skipped="0">
  <testcase classname="GenericUtility.BaseClass" name="createUser" time="0.009"/>
  <system-out/>
</testsuite> <!-- GenericUtility.BaseClass -->
