<?xml version="1.0" encoding="UTF-8"?>
<!-- Generated by org.testng.reporters.JUnitReportReporter -->
<testsuite hostname="DESKTOP-089LBSM" failures="0" tests="1" name="Practice.CreateCampaignwithProduct" time="17.414" errors="0" timestamp="2023-03-03T16:56:11 IST" skipped="0">
  <testcase classname="Practice.CreateCampaignwithProduct" name="createcampaignwithProductTest" time="17.414"/>
  <system-out/>
</testsuite> <!-- Practice.CreateCampaignwithProduct -->
