<?xml version="1.0" encoding="UTF-8"?>
<!-- Generated by org.testng.reporters.JUnitReportReporter -->
<testsuite hostname="DESKTOP-089LBSM" failures="0" tests="1" name="Practice.CreateLead" time="18.653" errors="0" timestamp="2023-03-04T12:17:16 IST" skipped="0">
  <testcase classname="Practice.CreateLead" name="createlead" time="18.653"/>
  <system-out/>
</testsuite> <!-- Practice.CreateLead -->
