<?xml version="1.0" encoding="UTF-8"?>
<!-- Generated by org.testng.reporters.JUnitReportReporter -->
<testsuite hostname="DESKTOP-089LBSM" failures="0" tests="2" name="Practice.Softassertion" time="0.024" errors="0" timestamp="2023-03-03T22:05:16 IST" skipped="0">
  <testcase classname="Practice.Softassertion" name="modifyassert" time="0.004"/>
  <system-out/>
  <testcase classname="Practice.Softassertion" name="createassert" time="0.020"/>
  <system-out/>
</testsuite> <!-- Practice.Softassertion -->
