<?xml version="1.0" encoding="UTF-8"?>
<!-- Generated by org.testng.reporters.JUnitReportReporter -->
<testsuite hostname="DESKTOP-089LBSM" failures="0" tests="1" name="Practice.CreateContactwithOrganisation" time="26.701" errors="0" timestamp="2023-03-04T12:17:16 IST" skipped="0">
  <testcase classname="Practice.CreateContactwithOrganisation" name="CreateContactwithOrganisationTest" time="26.701"/>
  <system-out/>
</testsuite> <!-- Practice.CreateContactwithOrganisation -->
