<?xml version="1.0" encoding="UTF-8"?>
<!-- Generated by org.testng.reporters.JUnitReportReporter -->
<testsuite hostname="DESKTOP-089LBSM" failures="0" tests="2" name="TestNgPractice.Demo" time="0.012" errors="0" timestamp="2023-03-03T11:14:39 IST" skipped="0">
  <testcase classname="TestNgPractice.Demo" name="sample" time="0.003"/>
  <system-out/>
  <testcase classname="TestNgPractice.Demo" name="method" time="0.009"/>
  <system-out/>
</testsuite> <!-- TestNgPractice.Demo -->
